d:\git\nmea_simulator\nmea_generator\nmea_generator\x64\debug\vc142.pdb
d:\git\nmea_simulator\nmea_generator\nmea_generator\x64\debug\vc142.idb
d:\git\nmea_simulator\nmea_generator\nmea_generator\x64\debug\udpserver.obj
d:\git\nmea_simulator\nmea_generator\nmea_generator\x64\debug\timer.obj
d:\git\nmea_simulator\nmea_generator\nmea_generator\x64\debug\satelliteinfo.obj
d:\git\nmea_simulator\nmea_generator\nmea_generator\x64\debug\satellite.obj
d:\git\nmea_simulator\nmea_generator\nmea_generator\x64\debug\object.obj
d:\git\nmea_simulator\nmea_generator\nmea_generator\x64\debug\nmea.obj
d:\git\nmea_simulator\nmea_generator\nmea_generator\x64\debug\heave.obj
d:\git\nmea_simulator\nmea_generator\nmea_generator\x64\debug\gyro.obj
d:\git\nmea_simulator\nmea_generator\nmea_generator\x64\debug\gpscoordinates.obj
d:\git\nmea_simulator\nmea_generator\nmea_generator\x64\debug\gps.obj
d:\git\nmea_simulator\nmea_generator\nmea_generator\x64\debug\format.obj
d:\git\nmea_simulator\nmea_generator\nmea_generator\x64\debug\event.obj
d:\git\nmea_simulator\nmea_generator\nmea_generator\x64\debug\date.obj
d:\git\nmea_simulator\nmea_generator\nmea_generator\x64\debug\compass.obj
d:\git\nmea_simulator\nmea_generator\nmea_generator\x64\debug\anemometer.obj
d:\git\nmea_simulator\nmea_generator\nmea_generator\x64\debug\source.obj
d:\git\nmea_simulator\nmea_generator\x64\debug\nmea_generator.exe
d:\git\nmea_simulator\nmea_generator\x64\debug\nmea_generator.ilk
d:\git\nmea_simulator\nmea_generator\x64\debug\nmea_generator.pdb
d:\git\nmea_simulator\nmea_generator\nmea_generator\x64\debug\nmea_generator.tlog\cl.command.1.tlog
d:\git\nmea_simulator\nmea_generator\nmea_generator\x64\debug\nmea_generator.tlog\cl.read.1.tlog
d:\git\nmea_simulator\nmea_generator\nmea_generator\x64\debug\nmea_generator.tlog\cl.write.1.tlog
d:\git\nmea_simulator\nmea_generator\nmea_generator\x64\debug\nmea_generator.tlog\link.command.1.tlog
d:\git\nmea_simulator\nmea_generator\nmea_generator\x64\debug\nmea_generator.tlog\link.read.1.tlog
d:\git\nmea_simulator\nmea_generator\nmea_generator\x64\debug\nmea_generator.tlog\link.write.1.tlog
