d:\git\nmea_simulator\nmea_generator\nmea_generator\x64\release\vc142.pdb
d:\git\nmea_simulator\nmea_generator\nmea_generator\x64\release\udpserver.obj
d:\git\nmea_simulator\nmea_generator\nmea_generator\x64\release\timer.obj
d:\git\nmea_simulator\nmea_generator\nmea_generator\x64\release\source.obj
d:\git\nmea_simulator\nmea_generator\nmea_generator\x64\release\sonar.obj
d:\git\nmea_simulator\nmea_generator\nmea_generator\x64\release\satelliteinfo.obj
d:\git\nmea_simulator\nmea_generator\nmea_generator\x64\release\satellite.obj
d:\git\nmea_simulator\nmea_generator\nmea_generator\x64\release\object.obj
d:\git\nmea_simulator\nmea_generator\nmea_generator\x64\release\nmea.obj
d:\git\nmea_simulator\nmea_generator\nmea_generator\x64\release\heave.obj
d:\git\nmea_simulator\nmea_generator\nmea_generator\x64\release\gyro.obj
d:\git\nmea_simulator\nmea_generator\nmea_generator\x64\release\gpscoordinates.obj
d:\git\nmea_simulator\nmea_generator\nmea_generator\x64\release\gps.obj
d:\git\nmea_simulator\nmea_generator\nmea_generator\x64\release\format.obj
d:\git\nmea_simulator\nmea_generator\nmea_generator\x64\release\event.obj
d:\git\nmea_simulator\nmea_generator\nmea_generator\x64\release\date.obj
d:\git\nmea_simulator\nmea_generator\nmea_generator\x64\release\compass.obj
d:\git\nmea_simulator\nmea_generator\nmea_generator\x64\release\anemometer.obj
d:\git\nmea_simulator\nmea_generator\x64\release\nmea_generator.exe
d:\git\nmea_simulator\nmea_generator\x64\release\nmea_generator.pdb
d:\git\nmea_simulator\nmea_generator\x64\release\nmea_generator.ipdb
d:\git\nmea_simulator\nmea_generator\x64\release\nmea_generator.iobj
d:\git\nmea_simulator\nmea_generator\nmea_generator\x64\release\nmea_generator.tlog\cl.command.1.tlog
d:\git\nmea_simulator\nmea_generator\nmea_generator\x64\release\nmea_generator.tlog\cl.read.1.tlog
d:\git\nmea_simulator\nmea_generator\nmea_generator\x64\release\nmea_generator.tlog\cl.write.1.tlog
d:\git\nmea_simulator\nmea_generator\nmea_generator\x64\release\nmea_generator.tlog\link.command.1.tlog
d:\git\nmea_simulator\nmea_generator\nmea_generator\x64\release\nmea_generator.tlog\link.read.1.tlog
d:\git\nmea_simulator\nmea_generator\nmea_generator\x64\release\nmea_generator.tlog\link.write.1.tlog
d:\git\nmea_simulator\nmea_generator\nmea_generator\x64\release\nmea_generator.tlog\nmea_generator.write.1u.tlog
