d:\git\nmea_simulator\nmea_generator\nmea_generator\debug\vc142.pdb
d:\git\nmea_simulator\nmea_generator\nmea_generator\debug\vc142.idb
d:\git\nmea_simulator\nmea_generator\nmea_generator\debug\timer.obj
d:\git\nmea_simulator\nmea_generator\nmea_generator\debug\source.obj
d:\git\nmea_simulator\nmea_generator\nmea_generator\debug\satelliteinfo.obj
d:\git\nmea_simulator\nmea_generator\nmea_generator\debug\satellite.obj
d:\git\nmea_simulator\nmea_generator\nmea_generator\debug\object.obj
d:\git\nmea_simulator\nmea_generator\nmea_generator\debug\nmea.obj
d:\git\nmea_simulator\nmea_generator\nmea_generator\debug\gpscoordinates.obj
d:\git\nmea_simulator\nmea_generator\nmea_generator\debug\gps.obj
d:\git\nmea_simulator\nmea_generator\nmea_generator\debug\date.obj
d:\git\nmea_simulator\nmea_generator\debug\nmea_generator.ilk
d:\git\nmea_simulator\nmea_generator\debug\nmea_generator.exe
d:\git\nmea_simulator\nmea_generator\debug\nmea_generator.pdb
d:\git\nmea_simulator\nmea_generator\nmea_generator\debug\nmea_generator.tlog\cl.command.1.tlog
d:\git\nmea_simulator\nmea_generator\nmea_generator\debug\nmea_generator.tlog\cl.read.1.tlog
d:\git\nmea_simulator\nmea_generator\nmea_generator\debug\nmea_generator.tlog\cl.write.1.tlog
d:\git\nmea_simulator\nmea_generator\nmea_generator\debug\nmea_generator.tlog\link.command.1.tlog
d:\git\nmea_simulator\nmea_generator\nmea_generator\debug\nmea_generator.tlog\link.read.1.tlog
d:\git\nmea_simulator\nmea_generator\nmea_generator\debug\nmea_generator.tlog\link.write.1.tlog
